app/build/intermediates/manifest_merge_blame_file/release/manifest-merger-blame-release-report.txt
1<?xml version="1.0" encoding="utf-8"?>
2<manifest xmlns:android="http://schemas.android.com/apk/res/android"
3    package="com.app.armygyan"
4    android:versionCode="6"
5    android:versionName="1.5" >
6
7    <uses-sdk
8        android:minSdkVersion="21"
8-->src\main\AndroidManifest.xml
9        android:targetSdkVersion="29" />
9-->src\main\AndroidManifest.xml
10
11    <uses-permission android:name="android.permission.INTERNET" />
11-->src\main\AndroidManifest.xml:6:5-67
11-->src\main\AndroidManifest.xml:6:22-64
12    <uses-permission android:name="android.permission.ACCESS_NETWORK_STATE" />
12-->src\main\AndroidManifest.xml:7:5-79
12-->src\main\AndroidManifest.xml:7:22-76
13
14    <!-- Optional permission for Analytics to run. -->
15    <uses-permission android:name="android.permission.WAKE_LOCK" /> <!-- Required by older versions of Google Play services to create IID tokens -->
15-->[com.google.android.gms:play-services-analytics:17.0.0] AndroidManifest.xml:27:5-68
15-->[com.google.android.gms:play-services-analytics:17.0.0] AndroidManifest.xml:27:22-65
16    <uses-permission android:name="com.google.android.c2dm.permission.RECEIVE" />
16-->[com.google.firebase:firebase-iid:20.1.1] AndroidManifest.xml:26:5-82
16-->[com.google.firebase:firebase-iid:20.1.1] AndroidManifest.xml:26:22-79
17
18    <application
18-->src\main\AndroidManifest.xml:9:5-42:19
19        android:name="com.app.armygyan.QuizApplication"
19-->src\main\AndroidManifest.xml:10:9-56
20        android:allowBackup="true"
20-->src\main\AndroidManifest.xml:11:9-35
21        android:appComponentFactory="androidx.core.app.CoreComponentFactory"
21-->[androidx.core:core:1.1.0] AndroidManifest.xml:24:18-86
22        android:icon="@mipmap/ic_launcher"
22-->src\main\AndroidManifest.xml:12:9-43
23        android:label="@string/app_name"
23-->src\main\AndroidManifest.xml:13:9-41
24        android:roundIcon="@mipmap/ic_launcher_round"
24-->src\main\AndroidManifest.xml:14:9-54
25        android:supportsRtl="true"
25-->src\main\AndroidManifest.xml:15:9-35
26        android:theme="@style/AppTheme" >
26-->src\main\AndroidManifest.xml:16:9-40
27        <activity
27-->src\main\AndroidManifest.xml:18:9-28:20
28            android:name="com.app.armygyan.MainActivity"
28-->src\main\AndroidManifest.xml:19:13-57
29            android:launchMode="singleTop"
29-->src\main\AndroidManifest.xml:20:13-43
30            android:screenOrientation="portrait" >
30-->src\main\AndroidManifest.xml:21:13-49
31            <intent-filter>
31-->src\main\AndroidManifest.xml:24:14-27:30
32                <action android:name="android.intent.action.MAIN" />
32-->src\main\AndroidManifest.xml:25:14-66
32-->src\main\AndroidManifest.xml:25:22-63
33
34                <category android:name="android.intent.category.LAUNCHER" />
34-->src\main\AndroidManifest.xml:26:14-74
34-->src\main\AndroidManifest.xml:26:24-71
35            </intent-filter>
36        </activity> <!-- Sample AdMob App ID: ca-app-pub-3940256099942544~3347511713 -->
37        <meta-data
37-->src\main\AndroidManifest.xml:29:9-31:70
38            android:name="com.google.android.gms.ads.APPLICATION_ID"
38-->src\main\AndroidManifest.xml:30:13-69
39            android:value="ca-app-pub-7872107105590310~7454932232" />
39-->src\main\AndroidManifest.xml:31:13-67
40
41        <service
41-->src\main\AndroidManifest.xml:33:9-41:19
42            android:name="com.app.armygyan.notification.QuizFirebaseMessagingService"
42-->src\main\AndroidManifest.xml:34:13-70
43            android:exported="false" >
43-->src\main\AndroidManifest.xml:35:13-37
44            <intent-filter>
44-->src\main\AndroidManifest.xml:36:13-38:29
45                <action android:name="com.google.firebase.MESSAGING_EVENT" />
45-->src\main\AndroidManifest.xml:37:17-78
45-->src\main\AndroidManifest.xml:37:25-75
46            </intent-filter>
47            <!-- <meta-data android:name="com.google.firebase.messaging.default_notification_channel_id" -->
48            <!-- android:value="@string/default_notification_channel_id"/> -->
49        </service>
50
51        <activity
51-->[com.google.android.gms:play-services-auth:18.0.0] AndroidManifest.xml:23:9-27:75
52            android:name="com.google.android.gms.auth.api.signin.internal.SignInHubActivity"
52-->[com.google.android.gms:play-services-auth:18.0.0] AndroidManifest.xml:24:13-93
53            android:excludeFromRecents="true"
53-->[com.google.android.gms:play-services-auth:18.0.0] AndroidManifest.xml:25:13-46
54            android:exported="false"
54-->[com.google.android.gms:play-services-auth:18.0.0] AndroidManifest.xml:26:13-37
55            android:theme="@android:style/Theme.Translucent.NoTitleBar" />
55-->[com.google.android.gms:play-services-auth:18.0.0] AndroidManifest.xml:27:13-72
56        <!--
57            Service handling Google Sign-In user revocation. For apps that do not integrate with
58            Google Sign-In, this service will never be started.
59        -->
60        <service
60-->[com.google.android.gms:play-services-auth:18.0.0] AndroidManifest.xml:33:9-36:110
61            android:name="com.google.android.gms.auth.api.signin.RevocationBoundService"
61-->[com.google.android.gms:play-services-auth:18.0.0] AndroidManifest.xml:34:13-89
62            android:exported="true"
62-->[com.google.android.gms:play-services-auth:18.0.0] AndroidManifest.xml:35:13-36
63            android:permission="com.google.android.gms.auth.api.signin.permission.REVOCATION_NOTIFICATION" />
63-->[com.google.android.gms:play-services-auth:18.0.0] AndroidManifest.xml:36:13-107
64
65        <provider
65-->[com.squareup.picasso:picasso:2.71828] AndroidManifest.xml:8:9-11:40
66            android:name="com.squareup.picasso.PicassoProvider"
66-->[com.squareup.picasso:picasso:2.71828] AndroidManifest.xml:9:13-64
67            android:authorities="com.app.armygyan.com.squareup.picasso"
67-->[com.squareup.picasso:picasso:2.71828] AndroidManifest.xml:10:13-72
68            android:exported="false" />
68-->[com.squareup.picasso:picasso:2.71828] AndroidManifest.xml:11:13-37
69
70        <receiver
70-->[com.google.android.gms:play-services-analytics:17.0.0] AndroidManifest.xml:30:9-34:20
71            android:name="com.google.android.gms.analytics.AnalyticsReceiver"
71-->[com.google.android.gms:play-services-analytics:17.0.0] AndroidManifest.xml:31:13-78
72            android:enabled="true"
72-->[com.google.android.gms:play-services-analytics:17.0.0] AndroidManifest.xml:32:13-35
73            android:exported="false" >
73-->[com.google.android.gms:play-services-analytics:17.0.0] AndroidManifest.xml:33:13-37
74        </receiver>
75
76        <service
76-->[com.google.android.gms:play-services-analytics:17.0.0] AndroidManifest.xml:36:9-39:40
77            android:name="com.google.android.gms.analytics.AnalyticsService"
77-->[com.google.android.gms:play-services-analytics:17.0.0] AndroidManifest.xml:37:13-77
78            android:enabled="true"
78-->[com.google.android.gms:play-services-analytics:17.0.0] AndroidManifest.xml:38:13-35
79            android:exported="false" />
79-->[com.google.android.gms:play-services-analytics:17.0.0] AndroidManifest.xml:39:13-37
80        <service
80-->[com.google.android.gms:play-services-analytics:17.0.0] AndroidManifest.xml:40:9-44:72
81            android:name="com.google.android.gms.analytics.AnalyticsJobService"
81-->[com.google.android.gms:play-services-analytics:17.0.0] AndroidManifest.xml:41:13-80
82            android:enabled="true"
82-->[com.google.android.gms:play-services-analytics:17.0.0] AndroidManifest.xml:42:13-35
83            android:exported="false"
83-->[com.google.android.gms:play-services-analytics:17.0.0] AndroidManifest.xml:43:13-37
84            android:permission="android.permission.BIND_JOB_SERVICE" />
84-->[com.google.android.gms:play-services-analytics:17.0.0] AndroidManifest.xml:44:13-69
85        <!--
86             FirebaseMessagingService performs security checks at runtime,
87             but set to not exported to explicitly avoid allowing another app to call it.
88        -->
89        <service
89-->[com.google.firebase:firebase-messaging:20.1.2] AndroidManifest.xml:28:9-34:19
90            android:name="com.google.firebase.messaging.FirebaseMessagingService"
90-->[com.google.firebase:firebase-messaging:20.1.2] AndroidManifest.xml:29:13-82
91            android:exported="false" >
91-->[com.google.firebase:firebase-messaging:20.1.2] AndroidManifest.xml:30:13-37
92            <intent-filter android:priority="-500" >
92-->src\main\AndroidManifest.xml:36:13-38:29
93                <action android:name="com.google.firebase.MESSAGING_EVENT" />
93-->src\main\AndroidManifest.xml:37:17-78
93-->src\main\AndroidManifest.xml:37:25-75
94            </intent-filter>
95        </service>
96        <service
96-->[com.google.firebase:firebase-messaging:20.1.2] AndroidManifest.xml:35:9-41:19
97            android:name="com.google.firebase.components.ComponentDiscoveryService"
97-->[com.google.firebase:firebase-messaging:20.1.2] AndroidManifest.xml:36:13-84
98            android:directBootAware="true"
98-->[com.google.firebase:firebase-common:19.3.0] AndroidManifest.xml:34:13-43
99            android:exported="false" >
99-->[com.google.firebase:firebase-messaging:20.1.2] AndroidManifest.xml:37:13-37
100            <meta-data
100-->[com.google.firebase:firebase-messaging:20.1.2] AndroidManifest.xml:38:13-40:85
101                android:name="com.google.firebase.components:com.google.firebase.messaging.FirebaseMessagingRegistrar"
101-->[com.google.firebase:firebase-messaging:20.1.2] AndroidManifest.xml:39:17-119
102                android:value="com.google.firebase.components.ComponentRegistrar" />
102-->[com.google.firebase:firebase-messaging:20.1.2] AndroidManifest.xml:40:17-82
103            <meta-data
103-->[com.google.firebase:firebase-iid:20.1.1] AndroidManifest.xml:32:13-34:85
104                android:name="com.google.firebase.components:com.google.firebase.iid.Registrar"
104-->[com.google.firebase:firebase-iid:20.1.1] AndroidManifest.xml:33:17-96
105                android:value="com.google.firebase.components.ComponentRegistrar" />
105-->[com.google.firebase:firebase-iid:20.1.1] AndroidManifest.xml:34:17-82
106            <meta-data
106-->[com.google.firebase:firebase-datatransport:17.0.3] AndroidManifest.xml:28:13-30:85
107                android:name="com.google.firebase.components:com.google.firebase.datatransport.TransportRegistrar"
107-->[com.google.firebase:firebase-datatransport:17.0.3] AndroidManifest.xml:29:17-115
108                android:value="com.google.firebase.components.ComponentRegistrar" />
108-->[com.google.firebase:firebase-datatransport:17.0.3] AndroidManifest.xml:30:17-82
109            <meta-data
109-->[com.google.firebase:firebase-installations:16.0.0] AndroidManifest.xml:17:13-19:85
110                android:name="com.google.firebase.components:com.google.firebase.installations.FirebaseInstallationsRegistrar"
110-->[com.google.firebase:firebase-installations:16.0.0] AndroidManifest.xml:18:17-127
111                android:value="com.google.firebase.components.ComponentRegistrar" />
111-->[com.google.firebase:firebase-installations:16.0.0] AndroidManifest.xml:19:17-82
112        </service>
113
114        <receiver
114-->[com.google.firebase:firebase-iid:20.1.1] AndroidManifest.xml:37:9-44:20
115            android:name="com.google.firebase.iid.FirebaseInstanceIdReceiver"
115-->[com.google.firebase:firebase-iid:20.1.1] AndroidManifest.xml:38:13-78
116            android:exported="true"
116-->[com.google.firebase:firebase-iid:20.1.1] AndroidManifest.xml:39:13-36
117            android:permission="com.google.android.c2dm.permission.SEND" >
117-->[com.google.firebase:firebase-iid:20.1.1] AndroidManifest.xml:40:13-73
118            <intent-filter>
118-->[com.google.firebase:firebase-iid:20.1.1] AndroidManifest.xml:41:13-43:29
119                <action android:name="com.google.android.c2dm.intent.RECEIVE" />
119-->[com.google.firebase:firebase-iid:20.1.1] AndroidManifest.xml:42:17-81
119-->[com.google.firebase:firebase-iid:20.1.1] AndroidManifest.xml:42:25-78
120            </intent-filter>
121        </receiver>
122
123        <activity
123-->[com.google.android.gms:play-services-base:17.1.0] AndroidManifest.xml:23:9-26:75
124            android:name="com.google.android.gms.common.api.GoogleApiActivity"
124-->[com.google.android.gms:play-services-base:17.1.0] AndroidManifest.xml:24:13-79
125            android:exported="false"
125-->[com.google.android.gms:play-services-base:17.1.0] AndroidManifest.xml:25:13-37
126            android:theme="@android:style/Theme.Translucent.NoTitleBar" />
126-->[com.google.android.gms:play-services-base:17.1.0] AndroidManifest.xml:26:13-72
127
128        <provider
128-->[com.google.firebase:firebase-common:19.3.0] AndroidManifest.xml:26:9-30:39
129            android:name="com.google.firebase.provider.FirebaseInitProvider"
129-->[com.google.firebase:firebase-common:19.3.0] AndroidManifest.xml:27:13-77
130            android:authorities="com.app.armygyan.firebaseinitprovider"
130-->[com.google.firebase:firebase-common:19.3.0] AndroidManifest.xml:28:13-72
131            android:exported="false"
131-->[com.google.firebase:firebase-common:19.3.0] AndroidManifest.xml:29:13-37
132            android:initOrder="100" /> <!-- Include the AdActivity and InAppPurchaseActivity configChanges and themes. -->
132-->[com.google.firebase:firebase-common:19.3.0] AndroidManifest.xml:30:13-36
133        <activity
133-->[com.google.android.gms:play-services-ads-lite:19.1.0] AndroidManifest.xml:29:9-33:64
134            android:name="com.google.android.gms.ads.AdActivity"
134-->[com.google.android.gms:play-services-ads-lite:19.1.0] AndroidManifest.xml:30:13-65
135            android:configChanges="keyboard|keyboardHidden|orientation|screenLayout|uiMode|screenSize|smallestScreenSize"
135-->[com.google.android.gms:play-services-ads-lite:19.1.0] AndroidManifest.xml:31:13-122
136            android:exported="false"
136-->[com.google.android.gms:play-services-ads-lite:19.1.0] AndroidManifest.xml:32:13-37
137            android:theme="@android:style/Theme.Translucent" />
137-->[com.google.android.gms:play-services-ads-lite:19.1.0] AndroidManifest.xml:33:13-61
138
139        <provider
139-->[com.google.android.gms:play-services-ads-lite:19.1.0] AndroidManifest.xml:35:9-39:39
140            android:name="com.google.android.gms.ads.MobileAdsInitProvider"
140-->[com.google.android.gms:play-services-ads-lite:19.1.0] AndroidManifest.xml:36:13-76
141            android:authorities="com.app.armygyan.mobileadsinitprovider"
141-->[com.google.android.gms:play-services-ads-lite:19.1.0] AndroidManifest.xml:37:13-73
142            android:exported="false"
142-->[com.google.android.gms:play-services-ads-lite:19.1.0] AndroidManifest.xml:38:13-37
143            android:initOrder="100" />
143-->[com.google.android.gms:play-services-ads-lite:19.1.0] AndroidManifest.xml:39:13-36
144
145        <meta-data
145-->[com.google.android.gms:play-services-basement:17.1.1] AndroidManifest.xml:23:9-25:69
146            android:name="com.google.android.gms.version"
146-->[com.google.android.gms:play-services-basement:17.1.1] AndroidManifest.xml:24:13-58
147            android:value="@integer/google_play_services_version" />
147-->[com.google.android.gms:play-services-basement:17.1.1] AndroidManifest.xml:25:13-66
148
149        <service
149-->[com.google.android.datatransport:transport-backend-cct:2.2.0] AndroidManifest.xml:29:9-35:19
150            android:name="com.google.android.datatransport.runtime.backends.TransportBackendDiscovery"
150-->[com.google.android.datatransport:transport-backend-cct:2.2.0] AndroidManifest.xml:30:13-103
151            android:exported="false" >
151-->[com.google.android.datatransport:transport-backend-cct:2.2.0] AndroidManifest.xml:31:13-37
152            <meta-data
152-->[com.google.android.datatransport:transport-backend-cct:2.2.0] AndroidManifest.xml:32:13-34:39
153                android:name="backend:com.google.android.datatransport.cct.CctBackendFactory"
153-->[com.google.android.datatransport:transport-backend-cct:2.2.0] AndroidManifest.xml:33:17-94
154                android:value="cct" />
154-->[com.google.android.datatransport:transport-backend-cct:2.2.0] AndroidManifest.xml:34:17-36
155        </service>
156        <service
156-->[com.google.android.datatransport:transport-runtime:2.2.0] AndroidManifest.xml:26:9-30:19
157            android:name="com.google.android.datatransport.runtime.scheduling.jobscheduling.JobInfoSchedulerService"
157-->[com.google.android.datatransport:transport-runtime:2.2.0] AndroidManifest.xml:27:13-117
158            android:exported="false"
158-->[com.google.android.datatransport:transport-runtime:2.2.0] AndroidManifest.xml:28:13-37
159            android:permission="android.permission.BIND_JOB_SERVICE" >
159-->[com.google.android.datatransport:transport-runtime:2.2.0] AndroidManifest.xml:29:13-69
160        </service>
161
162        <receiver
162-->[com.google.android.datatransport:transport-runtime:2.2.0] AndroidManifest.xml:32:9-34:40
163            android:name="com.google.android.datatransport.runtime.scheduling.jobscheduling.AlarmManagerSchedulerBroadcastReceiver"
163-->[com.google.android.datatransport:transport-runtime:2.2.0] AndroidManifest.xml:33:13-132
164            android:exported="false" />
164-->[com.google.android.datatransport:transport-runtime:2.2.0] AndroidManifest.xml:34:13-37
165
166        <provider
166-->[androidx.lifecycle:lifecycle-process:2.0.0] AndroidManifest.xml:23:9-27:43
167            android:name="androidx.lifecycle.ProcessLifecycleOwnerInitializer"
167-->[androidx.lifecycle:lifecycle-process:2.0.0] AndroidManifest.xml:24:13-79
168            android:authorities="com.app.armygyan.lifecycle-process"
168-->[androidx.lifecycle:lifecycle-process:2.0.0] AndroidManifest.xml:25:13-69
169            android:exported="false"
169-->[androidx.lifecycle:lifecycle-process:2.0.0] AndroidManifest.xml:26:13-37
170            android:multiprocess="true" />
170-->[androidx.lifecycle:lifecycle-process:2.0.0] AndroidManifest.xml:27:13-40
171    </application>
172
173</manifest>